{"/Users/admin/technical_challenge/GildedRose-Refactoring-Kata/js-jasmine/src/agedBrie.js": {"path":"/Users/admin/technical_challenge/GildedRose-Refactoring-Kata/js-jasmine/src/agedBrie.js","statementMap":{"0":{"start":{"line":3,"column":4},"end":{"line":3,"column":24}},"1":{"start":{"line":4,"column":4},"end":{"line":4,"column":26}},"2":{"start":{"line":8,"column":3},"end":{"line":10,"column":4}},"3":{"start":{"line":9,"column":5},"end":{"line":9,"column":22}},"4":{"start":{"line":14,"column":3},"end":{"line":19,"column":4}},"5":{"start":{"line":15,"column":5},"end":{"line":15,"column":22}},"6":{"start":{"line":18,"column":5},"end":{"line":18,"column":22}},"7":{"start":{"line":23,"column":4},"end":{"line":23,"column":22}},"8":{"start":{"line":24,"column":4},"end":{"line":24,"column":20}},"9":{"start":{"line":25,"column":4},"end":{"line":25,"column":20}},"10":{"start":{"line":29,"column":0},"end":{"line":31,"column":1}}},"fnMap":{"0":{"name":"(anonymous_0)","decl":{"start":{"line":2,"column":2},"end":{"line":2,"column":3}},"loc":{"start":{"line":2,"column":31},"end":{"line":5,"column":3}},"line":2},"1":{"name":"(anonymous_1)","decl":{"start":{"line":7,"column":1},"end":{"line":7,"column":2}},"loc":{"start":{"line":7,"column":13},"end":{"line":11,"column":2}},"line":7},"2":{"name":"(anonymous_2)","decl":{"start":{"line":13,"column":1},"end":{"line":13,"column":2}},"loc":{"start":{"line":13,"column":15},"end":{"line":20,"column":2}},"line":13},"3":{"name":"(anonymous_3)","decl":{"start":{"line":22,"column":1},"end":{"line":22,"column":2}},"loc":{"start":{"line":22,"column":17},"end":{"line":26,"column":3}},"line":22}},"branchMap":{"0":{"loc":{"start":{"line":8,"column":3},"end":{"line":10,"column":4}},"type":"if","locations":[{"start":{"line":8,"column":3},"end":{"line":10,"column":4}},{"start":{"line":8,"column":3},"end":{"line":10,"column":4}}],"line":8},"1":{"loc":{"start":{"line":14,"column":3},"end":{"line":19,"column":4}},"type":"if","locations":[{"start":{"line":14,"column":3},"end":{"line":19,"column":4}},{"start":{"line":14,"column":3},"end":{"line":19,"column":4}}],"line":14}},"s":{"0":3,"1":3,"2":3,"3":1,"4":3,"5":2,"6":1,"7":3,"8":3,"9":3,"10":3},"f":{"0":3,"1":3,"2":3,"3":3},"b":{"0":[1,2],"1":[2,1]},"_coverageSchema":"43e27e138ebf9cfc5966b082cf9a028302ed4184","hash":"14c241d195422412cf3211e33e956c5c5bcf5bff"}
,"/Users/admin/technical_challenge/GildedRose-Refactoring-Kata/js-jasmine/src/backstagePass.js": {"path":"/Users/admin/technical_challenge/GildedRose-Refactoring-Kata/js-jasmine/src/backstagePass.js","statementMap":{"0":{"start":{"line":3,"column":4},"end":{"line":3,"column":24}},"1":{"start":{"line":4,"column":4},"end":{"line":4,"column":26}},"2":{"start":{"line":8,"column":4},"end":{"line":8,"column":22}},"3":{"start":{"line":9,"column":4},"end":{"line":9,"column":20}},"4":{"start":{"line":10,"column":4},"end":{"line":10,"column":20}},"5":{"start":{"line":14,"column":4},"end":{"line":22,"column":5}},"6":{"start":{"line":15,"column":6},"end":{"line":15,"column":23}},"7":{"start":{"line":16,"column":11},"end":{"line":22,"column":5}},"8":{"start":{"line":17,"column":6},"end":{"line":17,"column":23}},"9":{"start":{"line":18,"column":11},"end":{"line":22,"column":5}},"10":{"start":{"line":19,"column":6},"end":{"line":19,"column":23}},"11":{"start":{"line":21,"column":6},"end":{"line":21,"column":22}},"12":{"start":{"line":26,"column":4},"end":{"line":28,"column":5}},"13":{"start":{"line":27,"column":6},"end":{"line":27,"column":23}},"14":{"start":{"line":32,"column":0},"end":{"line":34,"column":1}}},"fnMap":{"0":{"name":"(anonymous_0)","decl":{"start":{"line":2,"column":2},"end":{"line":2,"column":3}},"loc":{"start":{"line":2,"column":31},"end":{"line":5,"column":3}},"line":2},"1":{"name":"(anonymous_1)","decl":{"start":{"line":7,"column":2},"end":{"line":7,"column":3}},"loc":{"start":{"line":7,"column":18},"end":{"line":11,"column":3}},"line":7},"2":{"name":"(anonymous_2)","decl":{"start":{"line":13,"column":2},"end":{"line":13,"column":3}},"loc":{"start":{"line":13,"column":16},"end":{"line":23,"column":3}},"line":13},"3":{"name":"(anonymous_3)","decl":{"start":{"line":25,"column":2},"end":{"line":25,"column":3}},"loc":{"start":{"line":25,"column":14},"end":{"line":29,"column":3}},"line":25}},"branchMap":{"0":{"loc":{"start":{"line":14,"column":4},"end":{"line":22,"column":5}},"type":"if","locations":[{"start":{"line":14,"column":4},"end":{"line":22,"column":5}},{"start":{"line":14,"column":4},"end":{"line":22,"column":5}}],"line":14},"1":{"loc":{"start":{"line":16,"column":11},"end":{"line":22,"column":5}},"type":"if","locations":[{"start":{"line":16,"column":11},"end":{"line":22,"column":5}},{"start":{"line":16,"column":11},"end":{"line":22,"column":5}}],"line":16},"2":{"loc":{"start":{"line":18,"column":11},"end":{"line":22,"column":5}},"type":"if","locations":[{"start":{"line":18,"column":11},"end":{"line":22,"column":5}},{"start":{"line":18,"column":11},"end":{"line":22,"column":5}}],"line":18},"3":{"loc":{"start":{"line":26,"column":4},"end":{"line":28,"column":5}},"type":"if","locations":[{"start":{"line":26,"column":4},"end":{"line":28,"column":5}},{"start":{"line":26,"column":4},"end":{"line":28,"column":5}}],"line":26}},"s":{"0":6,"1":6,"2":6,"3":6,"4":6,"5":6,"6":2,"7":4,"8":1,"9":3,"10":2,"11":1,"12":6,"13":1,"14":3},"f":{"0":6,"1":6,"2":6,"3":6},"b":{"0":[2,4],"1":[1,3],"2":[2,1],"3":[1,5]},"_coverageSchema":"43e27e138ebf9cfc5966b082cf9a028302ed4184","hash":"007377da2d515f7fa3fea2de8c45641435deeba9"}
,"/Users/admin/technical_challenge/GildedRose-Refactoring-Kata/js-jasmine/src/conjured.js": {"path":"/Users/admin/technical_challenge/GildedRose-Refactoring-Kata/js-jasmine/src/conjured.js","statementMap":{"0":{"start":{"line":3,"column":4},"end":{"line":3,"column":24}},"1":{"start":{"line":4,"column":4},"end":{"line":4,"column":26}},"2":{"start":{"line":8,"column":4},"end":{"line":8,"column":20}},"3":{"start":{"line":9,"column":4},"end":{"line":9,"column":27}},"4":{"start":{"line":10,"column":4},"end":{"line":10,"column":19}},"5":{"start":{"line":15,"column":4},"end":{"line":19,"column":5}},"6":{"start":{"line":16,"column":6},"end":{"line":16,"column":23}},"7":{"start":{"line":18,"column":6},"end":{"line":18,"column":23}},"8":{"start":{"line":23,"column":4},"end":{"line":25,"column":5}},"9":{"start":{"line":24,"column":6},"end":{"line":24,"column":22}},"10":{"start":{"line":30,"column":0},"end":{"line":32,"column":1}}},"fnMap":{"0":{"name":"(anonymous_0)","decl":{"start":{"line":2,"column":2},"end":{"line":2,"column":3}},"loc":{"start":{"line":2,"column":31},"end":{"line":5,"column":3}},"line":2},"1":{"name":"(anonymous_1)","decl":{"start":{"line":7,"column":2},"end":{"line":7,"column":3}},"loc":{"start":{"line":7,"column":18},"end":{"line":12,"column":3}},"line":7},"2":{"name":"(anonymous_2)","decl":{"start":{"line":14,"column":2},"end":{"line":14,"column":3}},"loc":{"start":{"line":14,"column":21},"end":{"line":20,"column":3}},"line":14},"3":{"name":"(anonymous_3)","decl":{"start":{"line":22,"column":2},"end":{"line":22,"column":3}},"loc":{"start":{"line":22,"column":13},"end":{"line":26,"column":3}},"line":22}},"branchMap":{"0":{"loc":{"start":{"line":15,"column":4},"end":{"line":19,"column":5}},"type":"if","locations":[{"start":{"line":15,"column":4},"end":{"line":19,"column":5}},{"start":{"line":15,"column":4},"end":{"line":19,"column":5}}],"line":15},"1":{"loc":{"start":{"line":23,"column":4},"end":{"line":25,"column":5}},"type":"if","locations":[{"start":{"line":23,"column":4},"end":{"line":25,"column":5}},{"start":{"line":23,"column":4},"end":{"line":25,"column":5}}],"line":23}},"s":{"0":4,"1":4,"2":4,"3":4,"4":4,"5":4,"6":2,"7":2,"8":4,"9":1,"10":3},"f":{"0":4,"1":4,"2":4,"3":4},"b":{"0":[2,2],"1":[1,3]},"_coverageSchema":"43e27e138ebf9cfc5966b082cf9a028302ed4184","hash":"37848e925a19b396173b63739205f6a510cef406"}
,"/Users/admin/technical_challenge/GildedRose-Refactoring-Kata/js-jasmine/src/item.js": {"path":"/Users/admin/technical_challenge/GildedRose-Refactoring-Kata/js-jasmine/src/item.js","statementMap":{"0":{"start":{"line":3,"column":4},"end":{"line":3,"column":21}},"1":{"start":{"line":4,"column":4},"end":{"line":4,"column":25}},"2":{"start":{"line":5,"column":4},"end":{"line":5,"column":27}},"3":{"start":{"line":9,"column":0},"end":{"line":11,"column":1}}},"fnMap":{"0":{"name":"(anonymous_0)","decl":{"start":{"line":2,"column":2},"end":{"line":2,"column":3}},"loc":{"start":{"line":2,"column":36},"end":{"line":6,"column":3}},"line":2}},"branchMap":{},"s":{"0":19,"1":19,"2":19,"3":3},"f":{"0":19},"b":{},"_coverageSchema":"43e27e138ebf9cfc5966b082cf9a028302ed4184","hash":"d490c414a64d4e88b6f96b4ebb174710aab2cb91"}
,"/Users/admin/technical_challenge/GildedRose-Refactoring-Kata/js-jasmine/src/nonSpecial.js": {"path":"/Users/admin/technical_challenge/GildedRose-Refactoring-Kata/js-jasmine/src/nonSpecial.js","statementMap":{"0":{"start":{"line":3,"column":4},"end":{"line":3,"column":24}},"1":{"start":{"line":4,"column":4},"end":{"line":4,"column":26}},"2":{"start":{"line":8,"column":4},"end":{"line":13,"column":5}},"3":{"start":{"line":9,"column":6},"end":{"line":9,"column":23}},"4":{"start":{"line":12,"column":6},"end":{"line":12,"column":23}},"5":{"start":{"line":17,"column":4},"end":{"line":19,"column":5}},"6":{"start":{"line":18,"column":6},"end":{"line":18,"column":22}},"7":{"start":{"line":23,"column":4},"end":{"line":23,"column":25}},"8":{"start":{"line":24,"column":4},"end":{"line":24,"column":19}},"9":{"start":{"line":25,"column":4},"end":{"line":25,"column":20}},"10":{"start":{"line":29,"column":0},"end":{"line":31,"column":1}}},"fnMap":{"0":{"name":"(anonymous_0)","decl":{"start":{"line":2,"column":2},"end":{"line":2,"column":3}},"loc":{"start":{"line":2,"column":31},"end":{"line":5,"column":3}},"line":2},"1":{"name":"(anonymous_1)","decl":{"start":{"line":7,"column":2},"end":{"line":7,"column":3}},"loc":{"start":{"line":7,"column":19},"end":{"line":14,"column":3}},"line":7},"2":{"name":"(anonymous_2)","decl":{"start":{"line":16,"column":2},"end":{"line":16,"column":3}},"loc":{"start":{"line":16,"column":13},"end":{"line":20,"column":3}},"line":16},"3":{"name":"(anonymous_3)","decl":{"start":{"line":22,"column":2},"end":{"line":22,"column":3}},"loc":{"start":{"line":22,"column":18},"end":{"line":26,"column":3}},"line":22}},"branchMap":{"0":{"loc":{"start":{"line":8,"column":4},"end":{"line":13,"column":5}},"type":"if","locations":[{"start":{"line":8,"column":4},"end":{"line":13,"column":5}},{"start":{"line":8,"column":4},"end":{"line":13,"column":5}}],"line":8},"1":{"loc":{"start":{"line":17,"column":4},"end":{"line":19,"column":5}},"type":"if","locations":[{"start":{"line":17,"column":4},"end":{"line":19,"column":5}},{"start":{"line":17,"column":4},"end":{"line":19,"column":5}}],"line":17}},"s":{"0":3,"1":3,"2":3,"3":1,"4":2,"5":3,"6":1,"7":3,"8":3,"9":3,"10":3},"f":{"0":3,"1":3,"2":3,"3":3},"b":{"0":[1,2],"1":[1,2]},"_coverageSchema":"43e27e138ebf9cfc5966b082cf9a028302ed4184","hash":"7262b6dfe78f31448ba8c3174810a6a5d487925a"}
,"/Users/admin/technical_challenge/GildedRose-Refactoring-Kata/js-jasmine/src/option.js": {"path":"/Users/admin/technical_challenge/GildedRose-Refactoring-Kata/js-jasmine/src/option.js","statementMap":{"0":{"start":{"line":1,"column":21},"end":{"line":1,"column":45}},"1":{"start":{"line":2,"column":21},"end":{"line":2,"column":45}},"2":{"start":{"line":3,"column":26},"end":{"line":3,"column":55}},"3":{"start":{"line":4,"column":21},"end":{"line":4,"column":45}},"4":{"start":{"line":6,"column":15},"end":{"line":11,"column":3}},"5":{"start":{"line":13,"column":0},"end":{"line":15,"column":1}}},"fnMap":{},"branchMap":{},"s":{"0":2,"1":2,"2":2,"3":2,"4":2,"5":2},"f":{},"b":{},"_coverageSchema":"43e27e138ebf9cfc5966b082cf9a028302ed4184","hash":"8e6153c60d20cc43ca417c2152803c3e26c3b610"}
,"/Users/admin/technical_challenge/GildedRose-Refactoring-Kata/js-jasmine/src/shop.js": {"path":"/Users/admin/technical_challenge/GildedRose-Refactoring-Kata/js-jasmine/src/shop.js","statementMap":{"0":{"start":{"line":1,"column":23},"end":{"line":1,"column":49}},"1":{"start":{"line":2,"column":19},"end":{"line":2,"column":41}},"2":{"start":{"line":7,"column":4},"end":{"line":7,"column":23}},"3":{"start":{"line":11,"column":4},"end":{"line":15,"column":5}},"4":{"start":{"line":12,"column":6},"end":{"line":12,"column":54}},"5":{"start":{"line":14,"column":6},"end":{"line":14,"column":61}},"6":{"start":{"line":20,"column":4},"end":{"line":64,"column":5}},"7":{"start":{"line":20,"column":17},"end":{"line":20,"column":18}},"8":{"start":{"line":21,"column":6},"end":{"line":43,"column":7}},"9":{"start":{"line":22,"column":8},"end":{"line":26,"column":9}},"10":{"start":{"line":23,"column":10},"end":{"line":25,"column":11}},"11":{"start":{"line":24,"column":12},"end":{"line":24,"column":62}},"12":{"start":{"line":28,"column":8},"end":{"line":42,"column":9}},"13":{"start":{"line":29,"column":10},"end":{"line":29,"column":60}},"14":{"start":{"line":30,"column":10},"end":{"line":41,"column":11}},"15":{"start":{"line":31,"column":12},"end":{"line":35,"column":13}},"16":{"start":{"line":32,"column":14},"end":{"line":34,"column":15}},"17":{"start":{"line":33,"column":16},"end":{"line":33,"column":66}},"18":{"start":{"line":36,"column":12},"end":{"line":40,"column":13}},"19":{"start":{"line":37,"column":14},"end":{"line":39,"column":15}},"20":{"start":{"line":38,"column":16},"end":{"line":38,"column":66}},"21":{"start":{"line":44,"column":6},"end":{"line":46,"column":7}},"22":{"start":{"line":45,"column":8},"end":{"line":45,"column":56}},"23":{"start":{"line":47,"column":6},"end":{"line":63,"column":7}},"24":{"start":{"line":48,"column":8},"end":{"line":62,"column":9}},"25":{"start":{"line":49,"column":10},"end":{"line":57,"column":11}},"26":{"start":{"line":50,"column":12},"end":{"line":54,"column":13}},"27":{"start":{"line":51,"column":14},"end":{"line":53,"column":15}},"28":{"start":{"line":52,"column":16},"end":{"line":52,"column":66}},"29":{"start":{"line":56,"column":12},"end":{"line":56,"column":82}},"30":{"start":{"line":59,"column":10},"end":{"line":61,"column":11}},"31":{"start":{"line":60,"column":12},"end":{"line":60,"column":62}},"32":{"start":{"line":66,"column":4},"end":{"line":66,"column":22}},"33":{"start":{"line":69,"column":0},"end":{"line":71,"column":1}}},"fnMap":{"0":{"name":"(anonymous_0)","decl":{"start":{"line":6,"column":2},"end":{"line":6,"column":3}},"loc":{"start":{"line":6,"column":23},"end":{"line":8,"column":3}},"line":6},"1":{"name":"(anonymous_1)","decl":{"start":{"line":10,"column":2},"end":{"line":10,"column":3}},"loc":{"start":{"line":10,"column":18},"end":{"line":16,"column":3}},"line":10},"2":{"name":"(anonymous_2)","decl":{"start":{"line":19,"column":2},"end":{"line":19,"column":3}},"loc":{"start":{"line":19,"column":18},"end":{"line":67,"column":3}},"line":19}},"branchMap":{"0":{"loc":{"start":{"line":6,"column":14},"end":{"line":6,"column":22}},"type":"default-arg","locations":[{"start":{"line":6,"column":20},"end":{"line":6,"column":22}}],"line":6},"1":{"loc":{"start":{"line":11,"column":4},"end":{"line":15,"column":5}},"type":"if","locations":[{"start":{"line":11,"column":4},"end":{"line":15,"column":5}},{"start":{"line":11,"column":4},"end":{"line":15,"column":5}}],"line":11},"2":{"loc":{"start":{"line":21,"column":6},"end":{"line":43,"column":7}},"type":"if","locations":[{"start":{"line":21,"column":6},"end":{"line":43,"column":7}},{"start":{"line":21,"column":6},"end":{"line":43,"column":7}}],"line":21},"3":{"loc":{"start":{"line":21,"column":10},"end":{"line":21,"column":112}},"type":"binary-expr","locations":[{"start":{"line":21,"column":10},"end":{"line":21,"column":43}},{"start":{"line":21,"column":47},"end":{"line":21,"column":112}}],"line":21},"4":{"loc":{"start":{"line":22,"column":8},"end":{"line":26,"column":9}},"type":"if","locations":[{"start":{"line":22,"column":8},"end":{"line":26,"column":9}},{"start":{"line":22,"column":8},"end":{"line":26,"column":9}}],"line":22},"5":{"loc":{"start":{"line":23,"column":10},"end":{"line":25,"column":11}},"type":"if","locations":[{"start":{"line":23,"column":10},"end":{"line":25,"column":11}},{"start":{"line":23,"column":10},"end":{"line":25,"column":11}}],"line":23},"6":{"loc":{"start":{"line":28,"column":8},"end":{"line":42,"column":9}},"type":"if","locations":[{"start":{"line":28,"column":8},"end":{"line":42,"column":9}},{"start":{"line":28,"column":8},"end":{"line":42,"column":9}}],"line":28},"7":{"loc":{"start":{"line":30,"column":10},"end":{"line":41,"column":11}},"type":"if","locations":[{"start":{"line":30,"column":10},"end":{"line":41,"column":11}},{"start":{"line":30,"column":10},"end":{"line":41,"column":11}}],"line":30},"8":{"loc":{"start":{"line":31,"column":12},"end":{"line":35,"column":13}},"type":"if","locations":[{"start":{"line":31,"column":12},"end":{"line":35,"column":13}},{"start":{"line":31,"column":12},"end":{"line":35,"column":13}}],"line":31},"9":{"loc":{"start":{"line":32,"column":14},"end":{"line":34,"column":15}},"type":"if","locations":[{"start":{"line":32,"column":14},"end":{"line":34,"column":15}},{"start":{"line":32,"column":14},"end":{"line":34,"column":15}}],"line":32},"10":{"loc":{"start":{"line":36,"column":12},"end":{"line":40,"column":13}},"type":"if","locations":[{"start":{"line":36,"column":12},"end":{"line":40,"column":13}},{"start":{"line":36,"column":12},"end":{"line":40,"column":13}}],"line":36},"11":{"loc":{"start":{"line":37,"column":14},"end":{"line":39,"column":15}},"type":"if","locations":[{"start":{"line":37,"column":14},"end":{"line":39,"column":15}},{"start":{"line":37,"column":14},"end":{"line":39,"column":15}}],"line":37},"12":{"loc":{"start":{"line":44,"column":6},"end":{"line":46,"column":7}},"type":"if","locations":[{"start":{"line":44,"column":6},"end":{"line":46,"column":7}},{"start":{"line":44,"column":6},"end":{"line":46,"column":7}}],"line":44},"13":{"loc":{"start":{"line":47,"column":6},"end":{"line":63,"column":7}},"type":"if","locations":[{"start":{"line":47,"column":6},"end":{"line":63,"column":7}},{"start":{"line":47,"column":6},"end":{"line":63,"column":7}}],"line":47},"14":{"loc":{"start":{"line":48,"column":8},"end":{"line":62,"column":9}},"type":"if","locations":[{"start":{"line":48,"column":8},"end":{"line":62,"column":9}},{"start":{"line":48,"column":8},"end":{"line":62,"column":9}}],"line":48},"15":{"loc":{"start":{"line":49,"column":10},"end":{"line":57,"column":11}},"type":"if","locations":[{"start":{"line":49,"column":10},"end":{"line":57,"column":11}},{"start":{"line":49,"column":10},"end":{"line":57,"column":11}}],"line":49},"16":{"loc":{"start":{"line":50,"column":12},"end":{"line":54,"column":13}},"type":"if","locations":[{"start":{"line":50,"column":12},"end":{"line":54,"column":13}},{"start":{"line":50,"column":12},"end":{"line":54,"column":13}}],"line":50},"17":{"loc":{"start":{"line":51,"column":14},"end":{"line":53,"column":15}},"type":"if","locations":[{"start":{"line":51,"column":14},"end":{"line":53,"column":15}},{"start":{"line":51,"column":14},"end":{"line":53,"column":15}}],"line":51},"18":{"loc":{"start":{"line":59,"column":10},"end":{"line":61,"column":11}},"type":"if","locations":[{"start":{"line":59,"column":10},"end":{"line":61,"column":11}},{"start":{"line":59,"column":10},"end":{"line":61,"column":11}}],"line":59}},"s":{"0":2,"1":2,"2":19,"3":0,"4":0,"5":0,"6":18,"7":18,"8":18,"9":6,"10":4,"11":2,"12":12,"13":10,"14":10,"15":7,"16":6,"17":5,"18":7,"19":4,"20":3,"21":18,"22":16,"23":18,"24":7,"25":5,"26":3,"27":2,"28":1,"29":2,"30":2,"31":1,"32":18,"33":2},"f":{"0":19,"1":0,"2":18},"b":{"0":[1],"1":[0,0],"2":[6,12],"3":[18,14],"4":[4,2],"5":[2,2],"6":[10,2],"7":[7,3],"8":[6,1],"9":[5,1],"10":[4,3],"11":[3,1],"12":[16,2],"13":[7,11],"14":[5,2],"15":[3,2],"16":[2,1],"17":[1,1],"18":[1,1]},"_coverageSchema":"43e27e138ebf9cfc5966b082cf9a028302ed4184","hash":"33b42c4529f998eda398f6dd64239332ca31f9cf"}
,"/Users/admin/technical_challenge/GildedRose-Refactoring-Kata/js-jasmine/src/sulfuras.js": {"path":"/Users/admin/technical_challenge/GildedRose-Refactoring-Kata/js-jasmine/src/sulfuras.js","statementMap":{"0":{"start":{"line":3,"column":4},"end":{"line":3,"column":24}},"1":{"start":{"line":4,"column":4},"end":{"line":4,"column":26}},"2":{"start":{"line":10,"column":0},"end":{"line":12,"column":1}}},"fnMap":{"0":{"name":"(anonymous_0)","decl":{"start":{"line":2,"column":2},"end":{"line":2,"column":3}},"loc":{"start":{"line":2,"column":31},"end":{"line":5,"column":3}},"line":2},"1":{"name":"(anonymous_1)","decl":{"start":{"line":7,"column":2},"end":{"line":7,"column":3}},"loc":{"start":{"line":7,"column":18},"end":{"line":7,"column":20}},"line":7}},"branchMap":{},"s":{"0":1,"1":1,"2":3},"f":{"0":1,"1":1},"b":{},"_coverageSchema":"43e27e138ebf9cfc5966b082cf9a028302ed4184","hash":"2d398cf5a139f586a76fecf82ce0266a25c5bf70"}
}
