TN:
SF:/Users/admin/technical_challenge/GildedRose-Refactoring-Kata/js-jasmine/src/agedBrie.js
FN:2,(anonymous_0)
FN:7,(anonymous_1)
FN:13,(anonymous_2)
FN:22,(anonymous_3)
FNF:4
FNH:4
FNDA:7,(anonymous_0)
FNDA:7,(anonymous_1)
FNDA:7,(anonymous_2)
FNDA:7,(anonymous_3)
DA:3,7
DA:4,7
DA:8,7
DA:9,3
DA:14,7
DA:15,4
DA:18,3
DA:23,7
DA:24,7
DA:25,7
DA:29,3
LF:11
LH:11
BRDA:8,0,0,3
BRDA:8,0,1,4
BRDA:14,1,0,4
BRDA:14,1,1,3
BRF:4
BRH:4
end_of_record
TN:
SF:/Users/admin/technical_challenge/GildedRose-Refactoring-Kata/js-jasmine/src/backstagePass.js
FN:2,(anonymous_0)
FN:7,(anonymous_1)
FN:13,(anonymous_2)
FN:25,(anonymous_3)
FNF:4
FNH:4
FNDA:14,(anonymous_0)
FNDA:14,(anonymous_1)
FNDA:14,(anonymous_2)
FNDA:14,(anonymous_3)
DA:3,14
DA:4,14
DA:8,14
DA:9,14
DA:10,14
DA:14,14
DA:15,3
DA:16,11
DA:17,3
DA:18,8
DA:19,5
DA:21,3
DA:26,14
DA:27,4
DA:32,3
LF:15
LH:15
BRDA:14,0,0,3
BRDA:14,0,1,11
BRDA:16,1,0,3
BRDA:16,1,1,8
BRDA:18,2,0,5
BRDA:18,2,1,3
BRDA:26,3,0,4
BRDA:26,3,1,10
BRF:8
BRH:8
end_of_record
TN:
SF:/Users/admin/technical_challenge/GildedRose-Refactoring-Kata/js-jasmine/src/conjured.js
FN:2,(anonymous_0)
FN:7,(anonymous_1)
FN:14,(anonymous_2)
FN:22,(anonymous_3)
FNF:4
FNH:4
FNDA:4,(anonymous_0)
FNDA:4,(anonymous_1)
FNDA:4,(anonymous_2)
FNDA:4,(anonymous_3)
DA:3,4
DA:4,4
DA:8,4
DA:9,4
DA:10,4
DA:15,4
DA:16,2
DA:18,2
DA:23,4
DA:24,1
DA:30,3
LF:11
LH:11
BRDA:15,0,0,2
BRDA:15,0,1,2
BRDA:23,1,0,1
BRDA:23,1,1,3
BRF:4
BRH:4
end_of_record
TN:
SF:/Users/admin/technical_challenge/GildedRose-Refactoring-Kata/js-jasmine/src/item.js
FN:2,(anonymous_0)
FNF:1
FNH:1
FNDA:19,(anonymous_0)
DA:3,19
DA:4,19
DA:5,19
DA:9,3
LF:4
LH:4
BRF:0
BRH:0
end_of_record
TN:
SF:/Users/admin/technical_challenge/GildedRose-Refactoring-Kata/js-jasmine/src/nonSpecial.js
FN:2,(anonymous_0)
FN:7,(anonymous_1)
FN:16,(anonymous_2)
FN:22,(anonymous_3)
FNF:4
FNH:4
FNDA:7,(anonymous_0)
FNDA:7,(anonymous_1)
FNDA:7,(anonymous_2)
FNDA:7,(anonymous_3)
DA:3,7
DA:4,7
DA:8,7
DA:9,3
DA:12,4
DA:17,7
DA:18,3
DA:23,7
DA:24,7
DA:25,7
DA:29,3
LF:11
LH:11
BRDA:8,0,0,3
BRDA:8,0,1,4
BRDA:17,1,0,3
BRDA:17,1,1,4
BRF:4
BRH:4
end_of_record
TN:
SF:/Users/admin/technical_challenge/GildedRose-Refactoring-Kata/js-jasmine/src/option.js
FNF:0
FNH:0
DA:1,2
DA:2,2
DA:3,2
DA:4,2
DA:6,2
DA:13,2
LF:6
LH:6
BRF:0
BRH:0
end_of_record
TN:
SF:/Users/admin/technical_challenge/GildedRose-Refactoring-Kata/js-jasmine/src/shop.js
FN:5,(anonymous_0)
FN:9,(anonymous_1)
FN:17,(anonymous_2)
FN:18,(anonymous_3)
FNF:4
FNH:4
FNDA:19,(anonymous_0)
FNDA:18,(anonymous_1)
FNDA:18,(anonymous_2)
FNDA:18,(anonymous_3)
DA:1,2
DA:2,2
DA:6,19
DA:10,18
DA:11,4
DA:13,14
DA:18,18
DA:19,18
DA:20,18
DA:21,18
DA:22,18
DA:24,18
DA:77,2
LF:13
LH:13
BRDA:5,0,0,1
BRDA:10,1,0,4
BRDA:10,1,1,14
BRF:3
BRH:3
end_of_record
TN:
SF:/Users/admin/technical_challenge/GildedRose-Refactoring-Kata/js-jasmine/src/sulfuras.js
FN:2,(anonymous_0)
FN:7,(anonymous_1)
FNF:2
FNH:2
FNDA:3,(anonymous_0)
FNDA:3,(anonymous_1)
DA:3,3
DA:4,3
DA:10,3
LF:3
LH:3
BRF:0
BRH:0
end_of_record
