TN:
SF:/Users/admin/technical_challenge/GildedRose-Refactoring-Kata/js-jasmine/src/agedBrie.js
FN:2,(anonymous_0)
FN:7,(anonymous_1)
FN:11,(anonymous_2)
FN:15,(anonymous_3)
FN:19,(anonymous_4)
FN:23,(anonymous_5)
FN:29,(anonymous_6)
FN:38,(anonymous_7)
FN:43,(anonymous_8)
FNF:9
FNH:9
FNDA:3,(anonymous_0)
FNDA:3,(anonymous_1)
FNDA:1,(anonymous_2)
FNDA:2,(anonymous_3)
FNDA:3,(anonymous_4)
FNDA:3,(anonymous_5)
FNDA:3,(anonymous_6)
FNDA:3,(anonymous_7)
FNDA:3,(anonymous_8)
DA:3,3
DA:4,3
DA:8,3
DA:12,1
DA:16,2
DA:20,3
DA:24,3
DA:25,1
DA:30,3
DA:31,2
DA:34,1
DA:39,3
DA:40,3
DA:44,3
DA:45,3
DA:51,1
LF:16
LH:16
BRDA:24,0,0,1
BRDA:24,0,1,2
BRDA:30,1,0,2
BRDA:30,1,1,1
BRF:4
BRH:4
end_of_record
TN:
SF:/Users/admin/technical_challenge/GildedRose-Refactoring-Kata/js-jasmine/src/backstagePass.js
FN:2,(anonymous_0)
FNF:1
FNH:1
FNDA:1,(anonymous_0)
DA:3,1
DA:4,1
DA:8,1
LF:3
LH:3
BRF:0
BRH:0
end_of_record
TN:
SF:/Users/admin/technical_challenge/GildedRose-Refactoring-Kata/js-jasmine/src/gilded_rose.js
FN:2,(anonymous_0)
FN:10,(anonymous_1)
FN:13,(anonymous_2)
FNF:3
FNH:3
FNDA:16,(anonymous_0)
FNDA:17,(anonymous_1)
FNDA:16,(anonymous_2)
DA:3,16
DA:4,16
DA:5,16
DA:11,17
DA:14,16
DA:15,16
DA:16,5
DA:17,3
DA:18,2
DA:22,11
DA:23,9
DA:24,9
DA:25,7
DA:26,6
DA:27,5
DA:30,7
DA:31,4
DA:32,3
DA:38,16
DA:39,15
DA:41,16
DA:42,5
DA:43,4
DA:44,2
DA:45,1
DA:46,1
DA:50,2
DA:53,1
DA:54,1
DA:60,16
DA:63,2
LF:31
LH:31
BRDA:10,0,0,1
BRDA:15,1,0,5
BRDA:15,1,1,11
BRDA:15,2,0,16
BRDA:15,2,1,13
BRDA:16,3,0,3
BRDA:16,3,1,2
BRDA:17,4,0,2
BRDA:17,4,1,1
BRDA:22,5,0,9
BRDA:22,5,1,2
BRDA:24,6,0,7
BRDA:24,6,1,2
BRDA:25,7,0,6
BRDA:25,7,1,1
BRDA:26,8,0,5
BRDA:26,8,1,1
BRDA:30,9,0,4
BRDA:30,9,1,3
BRDA:31,10,0,3
BRDA:31,10,1,1
BRDA:38,11,0,15
BRDA:38,11,1,1
BRDA:41,12,0,5
BRDA:41,12,1,11
BRDA:42,13,0,4
BRDA:42,13,1,1
BRDA:43,14,0,2
BRDA:43,14,1,2
BRDA:44,15,0,1
BRDA:44,15,1,1
BRDA:45,16,0,1
BRDA:45,16,1,0
BRDA:53,17,0,1
BRDA:53,17,1,0
BRF:35
BRH:33
end_of_record
TN:
SF:/Users/admin/technical_challenge/GildedRose-Refactoring-Kata/js-jasmine/src/nonSpecial.js
FN:2,(anonymous_0)
FN:6,(anonymous_1)
FN:10,(anonymous_2)
FN:15,(anonymous_3)
FN:19,(anonymous_4)
FN:23,(anonymous_5)
FN:27,(anonymous_6)
FN:36,(anonymous_7)
FN:41,(anonymous_8)
FNF:9
FNH:9
FNDA:3,(anonymous_0)
FNDA:2,(anonymous_1)
FNDA:3,(anonymous_2)
FNDA:1,(anonymous_3)
FNDA:1,(anonymous_4)
FNDA:3,(anonymous_5)
FNDA:2,(anonymous_6)
FNDA:3,(anonymous_7)
FNDA:3,(anonymous_8)
DA:3,3
DA:4,3
DA:7,2
DA:11,3
DA:16,1
DA:20,1
DA:24,3
DA:28,2
DA:29,1
DA:32,1
DA:37,3
DA:38,2
DA:42,3
DA:43,3
DA:47,1
LF:15
LH:15
BRDA:28,0,0,1
BRDA:28,0,1,1
BRDA:37,1,0,2
BRDA:37,1,1,1
BRF:4
BRH:4
end_of_record
TN:
SF:/Users/admin/technical_challenge/GildedRose-Refactoring-Kata/js-jasmine/src/sulfuras.js
FN:2,(anonymous_0)
FN:7,(anonymous_1)
FNF:2
FNH:2
FNDA:1,(anonymous_0)
FNDA:1,(anonymous_1)
DA:3,1
DA:4,1
DA:10,1
LF:3
LH:3
BRF:0
BRH:0
end_of_record
